#
# There is insufficient memory for the Java Runtime Environment to continue.
# Native memory allocation (mmap) failed to map 67108864 bytes for G1 virtual space
# Possible reasons:
#   The system is out of physical RAM or swap space
#   The process is running with CompressedOops enabled, and the Java Heap may be blocking the growth of the native heap
# Possible solutions:
#   Reduce memory load on the system
#   Increase physical memory or swap space
#   Check if swap backing store is full
#   Decrease Java heap size (-Xmx/-Xms)
#   Decrease number of Java threads
#   Decrease Java thread stack sizes (-Xss)
#   Set larger code cache with -XX:ReservedCodeCacheSize=
#   JVM is running with Unscaled Compressed Oops mode in which the Java heap is
#     placed in the first 4GB address space. The Java Heap base address is the
#     maximum limit for the native heap growth. Please use -XX:HeapBaseMinAddress
#     to set the Java Heap base and to place the Java Heap above 4GB virtual address.
# This output file may be truncated or incomplete.
#
#  Out of Memory Error (os_windows.cpp:3617), pid=4956, tid=12064
#
# JRE version:  (17.0.8.1+1) (build )
# Java VM: OpenJDK 64-Bit Server VM (17.0.8.1+1, mixed mode, sharing, tiered, compressed oops, compressed class ptrs, g1 gc, windows-amd64)
# Core dump will be written. Default location: C:\Users\incedouser1\git\smartinventory-backend\smartinventory\hs_err_pid4956.mdmp
#

---------------  S U M M A R Y ------------

Command Line: -Dfile.encoding=UTF-8 -Dstdout.encoding=UTF-8 -Dstderr.encoding=UTF-8 -XX:+ShowCodeDetailsInExceptionMessages -agentpath:C:\Program Files\SentinelOne\Sentinel Agent 23.1.5.886\SentinelJava64.dll=extendedCapabilities com.capstone.smartinventorymanagement.app.SmartInventoryManagement

Host: AMD EPYC 7571, 2 cores, 3G,  Windows Server 2022 , 64 bit Build 20348 (10.0.20348.2110)
Time: Thu Jan 11 17:27:47 2024 India Standard Time elapsed time: 0.124148 seconds (0d 0h 0m 0s)

---------------  T H R E A D  ---------------

Current thread (0x000001d4ea44d9a0):  JavaThread "Unknown thread" [_thread_in_vm, id=12064, stack(0x0000007cd7f00000,0x0000007cd8000000)]

Stack: [0x0000007cd7f00000,0x0000007cd8000000]
Native frames: (J=compiled Java code, j=interpreted, Vv=VM code, C=native code)
V  [jvm.dll+0x678b0a]
V  [jvm.dll+0x835e84]
V  [jvm.dll+0x83762e]
V  [jvm.dll+0x837c93]
V  [jvm.dll+0x24746f]
V  [jvm.dll+0x675859]
V  [jvm.dll+0x66a0ea]
V  [jvm.dll+0x306c7b]
V  [jvm.dll+0x30e166]
V  [jvm.dll+0x35dd3e]
V  [jvm.dll+0x35df6f]
V  [jvm.dll+0x2ddb48]
V  [jvm.dll+0x2deab4]
V  [jvm.dll+0x807f31]
V  [jvm.dll+0x36bb21]
V  [jvm.dll+0x7e733c]
V  [jvm.dll+0x3ee4af]
V  [jvm.dll+0x3f00c1]
C  [InProcessClient64.dll+0x142e90]
C  [InProcessClient64.dll+0xf0226]
C  [InProcessClient64.dll+0xf0172]
C  [jli.dll+0x528b]
C  [ucrtbase.dll+0x26b4c]
C  [KERNEL32.DLL+0x14de0]
C  [ntdll.dll+0x7ed9b]


---------------  P R O C E S S  ---------------

Threads class SMR info:
_java_thread_list=0x00007ffcc9d7a018, length=0, elements={
}

Java Threads: ( => current thread )

Other Threads:
  0x000001d4ea48a670 GCTaskThread "GC Thread#0" [stack: 0x0000007cd8000000,0x0000007cd8100000] [id=10584]
  0x000001d4ea493340 ConcurrentGCThread "G1 Main Marker" [stack: 0x0000007cd8100000,0x0000007cd8200000] [id=452]
  0x000001d4ea495320 ConcurrentGCThread "G1 Conc#0" [stack: 0x0000007cd8200000,0x0000007cd8300000] [id=12940]

[error occurred during error reporting (printing all threads), id 0xc0000005, EXCEPTION_ACCESS_VIOLATION (0xc0000005) at pc=0x00007ffcc954e587]

VM state: not at safepoint (not fully initialized)

VM Mutex/Monitor currently owned by a thread:  ([mutex/lock_event])
[0x000001d4ea44a310] Heap_lock - owner thread: 0x000001d4ea44d9a0

Heap address: 0x00000000c0c00000, size: 1012 MB, Compressed Oops mode: 32-bit

CDS archive(s) mapped at: [0x0000000000000000-0x0000000000000000-0x0000000000000000), size 0, SharedBaseAddress: 0x0000000800000000, ArchiveRelocationMode: 1.
Narrow klass base: 0x0000000000000000, Narrow klass shift: 0, Narrow klass range: 0x0

GC Precious Log:
<Empty>

Heap:
 garbage-first heap   total 0K, used 0K [0x00000000c0c00000, 0x0000000100000000)
  region size 1024K, 0 young (0K), 0 survivors (0K)

[error occurred during error reporting (printing heap information), id 0xc0000005, EXCEPTION_ACCESS_VIOLATION (0xc0000005) at pc=0x00007ffcc9932699]

GC Heap History (0 events):
No events

Dll operation events (1 events):
Event: 0.089 Loaded shared library C:\Users\incedouser1\Downloads\sts-4.20.1.RELEASE\plugins\org.eclipse.justj.openjdk.hotspot.jre.full.win32.x86_64_17.0.8.v20230831-1047\jre\bin\java.dll

Deoptimization events (0 events):
No events

Classes unloaded (0 events):
No events

Classes redefined (0 events):
No events

Internal exceptions (0 events):
No events

VM Operations (0 events):
No events

Events (0 events):
No events


Dynamic libraries:
0x00007ff71f320000 - 0x00007ff71f32e000 	C:\Users\incedouser1\Downloads\sts-4.20.1.RELEASE\plugins\org.eclipse.justj.openjdk.hotspot.jre.full.win32.x86_64_17.0.8.v20230831-1047\jre\bin\javaw.exe
0x000001d4e81b0000 - 0x000001d4e83b1000 	C:\Windows\SYSTEM32\ntd1l.dll
0x000001d4e7bf0000 - 0x000001d4e7cae000 	C:\Windows\System32\kern3l32.dll
0x00007ffd13ba0000 - 0x00007ffd13da1000 	C:\Windows\SYSTEM32\ntdll.dll
0x00007ffd12020000 - 0x00007ffd120de000 	C:\Windows\System32\KERNEL32.DLL
0x00007ffd11220000 - 0x00007ffd1158f000 	C:\Windows\System32\KERNELBASE.dll
0x00007ffd10d60000 - 0x00007ffd11073000 	C:\Program Files\SentinelOne\Sentinel Agent 23.1.5.886\InProcessClient64.dll
0x00007ffd12800000 - 0x00007ffd128af000 	C:\Windows\System32\ADVAPI32.dll
0x00007ffd12750000 - 0x00007ffd127f3000 	C:\Windows\System32\msvcrt.dll
0x00007ffd12440000 - 0x00007ffd124df000 	C:\Windows\System32\sechost.dll
0x00007ffd11ec0000 - 0x00007ffd11fdf000 	C:\Windows\System32\RPCRT4.dll
0x00007ffd11590000 - 0x00007ffd116a0000 	C:\Windows\System32\ucrtbase.dll
0x00007ffcfa1b0000 - 0x00007ffcfa1c7000 	C:\Users\incedouser1\Downloads\sts-4.20.1.RELEASE\plugins\org.eclipse.justj.openjdk.hotspot.jre.full.win32.x86_64_17.0.8.v20230831-1047\jre\bin\jli.dll
0x00007ffd12d40000 - 0x00007ffd12ee6000 	C:\Windows\System32\USER32.dll
0x00007ffd11740000 - 0x00007ffd11766000 	C:\Windows\System32\win32u.dll
0x00007ffd11ff0000 - 0x00007ffd1201b000 	C:\Windows\System32\GDI32.dll
0x00007ffd11950000 - 0x00007ffd11a6f000 	C:\Windows\System32\gdi32full.dll
0x00007ffd116a0000 - 0x00007ffd11740000 	C:\Windows\System32\msvcp_win.dll
0x00007ffcf7350000 - 0x00007ffcf75f4000 	C:\Windows\WinSxS\amd64_microsoft.windows.common-controls_6595b64144ccf1df_6.0.20348.2110_none_947450d7eef395fd\COMCTL32.dll
0x00007ffcfa300000 - 0x00007ffcfa319000 	C:\Users\incedouser1\Downloads\sts-4.20.1.RELEASE\plugins\org.eclipse.justj.openjdk.hotspot.jre.full.win32.x86_64_17.0.8.v20230831-1047\jre\bin\VCRUNTIME140.dll
0x00007ffd10d00000 - 0x00007ffd10d0a000 	C:\Windows\SYSTEM32\VERSION.dll
0x00007ffd10cf0000 - 0x00007ffd10cfb000 	C:\Windows\SYSTEM32\FLTLIB.DLL
0x00007ffd13b20000 - 0x00007ffd13b51000 	C:\Windows\System32\IMM32.DLL
0x00007ffd042f0000 - 0x00007ffd042fc000 	C:\Users\incedouser1\Downloads\sts-4.20.1.RELEASE\plugins\org.eclipse.justj.openjdk.hotspot.jre.full.win32.x86_64_17.0.8.v20230831-1047\jre\bin\vcruntime140_1.dll
0x00007ffce97d0000 - 0x00007ffce9861000 	C:\Users\incedouser1\Downloads\sts-4.20.1.RELEASE\plugins\org.eclipse.justj.openjdk.hotspot.jre.full.win32.x86_64_17.0.8.v20230831-1047\jre\bin\msvcp140.dll
0x00007ffcc9260000 - 0x00007ffcc9eac000 	C:\Users\incedouser1\Downloads\sts-4.20.1.RELEASE\plugins\org.eclipse.justj.openjdk.hotspot.jre.full.win32.x86_64_17.0.8.v20230831-1047\jre\bin\server\jvm.dll
0x00007ffd10d10000 - 0x00007ffd10d5d000 	C:\Windows\SYSTEM32\POWRPROF.dll
0x00007ffd0f680000 - 0x00007ffd0f689000 	C:\Windows\SYSTEM32\WSOCK32.dll
0x00007ffd11e40000 - 0x00007ffd11eb1000 	C:\Windows\System32\WS2_32.dll
0x00007ffd040b0000 - 0x00007ffd040d7000 	C:\Windows\SYSTEM32\WINMM.dll
0x00007ffd10a80000 - 0x00007ffd10a93000 	C:\Windows\SYSTEM32\UMPDC.dll
0x00007ffd0e910000 - 0x00007ffd0e927000 	C:\Windows\SYSTEM32\kernel.appcore.dll
0x00007ffd04370000 - 0x00007ffd0437a000 	C:\Users\incedouser1\Downloads\sts-4.20.1.RELEASE\plugins\org.eclipse.justj.openjdk.hotspot.jre.full.win32.x86_64_17.0.8.v20230831-1047\jre\bin\jimage.dll
0x00007ffd10710000 - 0x00007ffd10922000 	C:\Windows\SYSTEM32\DBGHELP.DLL
0x00007ffd10430000 - 0x00007ffd10460000 	C:\Windows\SYSTEM32\dbgcore.DLL
0x00007ffd118d0000 - 0x00007ffd1194f000 	C:\Windows\System32\bcryptPrimitives.dll
0x00007ffcfa880000 - 0x00007ffcfa8fb000 	C:\Program Files\SentinelOne\Sentinel Agent 23.1.5.886\SentinelJava64.dll
0x00007ffd12280000 - 0x00007ffd123b5000 	C:\Windows\System32\ole32.dll
0x00007ffd13050000 - 0x00007ffd133c0000 	C:\Windows\System32\combase.dll
0x00007ffcfa090000 - 0x00007ffcfa0b5000 	C:\Users\incedouser1\Downloads\sts-4.20.1.RELEASE\plugins\org.eclipse.justj.openjdk.hotspot.jre.full.win32.x86_64_17.0.8.v20230831-1047\jre\bin\java.dll

dbghelp: loaded successfully - version: 4.0.5 - missing functions: none
symbol engine: initialized successfully - sym options: 0x614 - pdb path: .;C:\Users\incedouser1\Downloads\sts-4.20.1.RELEASE\plugins\org.eclipse.justj.openjdk.hotspot.jre.full.win32.x86_64_17.0.8.v20230831-1047\jre\bin;C:\Windows\SYSTEM32;C:\Program Files\SentinelOne\Sentinel Agent 23.1.5.886;C:\Windows\WinSxS\amd64_microsoft.windows.common-controls_6595b64144ccf1df_6.0.20348.2110_none_947450d7eef395fd;C:\Users\incedouser1\Downloads\sts-4.20.1.RELEASE\plugins\org.eclipse.justj.openjdk.hotspot.jre.full.win32.x86_64_17.0.8.v20230831-1047\jre\bin\server

VM Arguments:
jvm_args: -Dfile.encoding=UTF-8 -Dstdout.encoding=UTF-8 -Dstderr.encoding=UTF-8 -XX:+ShowCodeDetailsInExceptionMessages -agentpath:C:\Program Files\SentinelOne\Sentinel Agent 23.1.5.886\SentinelJava64.dll=extendedCapabilities 
java_command: com.capstone.smartinventorymanagement.app.SmartInventoryManagement
java_class_path (initial): C:\Users\incedouser1\git\smartinventory-backend\smartinventory\target\classes;C:\Users\incedouser1\.m2\repository\org\springframework\boot\spring-boot-starter-data-jpa\3.2.0\spring-boot-starter-data-jpa-3.2.0.jar;C:\Users\incedouser1\.m2\repository\org\springframework\boot\spring-boot-starter-aop\3.2.0\spring-boot-starter-aop-3.2.0.jar;C:\Users\incedouser1\.m2\repository\org\springframework\spring-aop\6.1.1\spring-aop-6.1.1.jar;C:\Users\incedouser1\.m2\repository\org\aspectj\aspectjweaver\1.9.20.1\aspectjweaver-1.9.20.1.jar;C:\Users\incedouser1\.m2\repository\org\springframework\boot\spring-boot-starter-jdbc\3.2.0\spring-boot-starter-jdbc-3.2.0.jar;C:\Users\incedouser1\.m2\repository\com\zaxxer\HikariCP\5.0.1\HikariCP-5.0.1.jar;C:\Users\incedouser1\.m2\repository\org\springframework\spring-jdbc\6.1.1\spring-jdbc-6.1.1.jar;C:\Users\incedouser1\.m2\repository\org\hibernate\orm\hibernate-core\6.3.1.Final\hibernate-core-6.3.1.Final.jar;C:\Users\incedouser1\.m2\repository\jakarta\persistence\jakarta.persistence-api\3.1.0\jakarta.persistence-api-3.1.0.jar;C:\Users\incedouser1\.m2\repository\jakarta\transaction\jakarta.transaction-api\2.0.1\jakarta.transaction-api-2.0.1.jar;C:\Users\incedouser1\.m2\repository\org\jboss\logging\jboss-logging\3.5.3.Final\jboss-logging-3.5.3.Final.jar;C:\Users\incedouser1\.m2\repository\org\hibernate\common\hibernate-commons-annotations\6.0.6.Final\hibernate-commons-annotations-6.0.6.Final.jar;C:\Users\incedouser1\.m2\repository\io\smallrye\jandex\3.1.2\jandex-3.1.2.jar;C:\Users\incedouser1\.m2\repository\com\fasterxml\classmate\1.6.0\classmate-1.6.0.jar;C:\Users\incedouser1\.m2\repository\net\bytebuddy\byte-buddy\1.14.10\byte-buddy-1.14.10.jar;C:\Users\incedouser1\.m2\repository\org\glassfish\jaxb\jaxb-runtime\4.0.4\jaxb-runtime-4.0.4.jar;C:\Users\incedouser1\.m2\repository\org\glassfish\jaxb\jaxb-core\4.0.4\jaxb-core-4.0.4.jar;C:\Users\incedouser1\.m2\repository\org\eclipse\angus\angus-activation\2.0.1\angus-act
Launcher Type: SUN_STANDARD

[Global flags]
     intx CICompilerCount                          = 2                                         {product} {ergonomic}
     uint ConcGCThreads                            = 1                                         {product} {ergonomic}
     uint G1ConcRefinementThreads                  = 2                                         {product} {ergonomic}
   size_t G1HeapRegionSize                         = 1048576                                   {product} {ergonomic}
    uintx GCDrainStackTargetSize                   = 64                                        {product} {ergonomic}
   size_t InitialHeapSize                          = 67108864                                  {product} {ergonomic}
   size_t MarkStackSize                            = 4194304                                   {product} {ergonomic}
   size_t MaxHeapSize                              = 1061158912                                {product} {ergonomic}
   size_t MinHeapDeltaBytes                        = 1048576                                   {product} {ergonomic}
   size_t MinHeapSize                              = 8388608                                   {product} {ergonomic}
    uintx NonNMethodCodeHeapSize                   = 5826188                                {pd product} {ergonomic}
    uintx NonProfiledCodeHeapSize                  = 122916026                              {pd product} {ergonomic}
    uintx ProfiledCodeHeapSize                     = 122916026                              {pd product} {ergonomic}
    uintx ReservedCodeCacheSize                    = 251658240                              {pd product} {ergonomic}
     bool SegmentedCodeCache                       = true                                      {product} {ergonomic}
     bool ShowCodeDetailsInExceptionMessages       = true                                   {manageable} {command line}
   size_t SoftMaxHeapSize                          = 1061158912                             {manageable} {ergonomic}
     bool UseCompressedClassPointers               = true                           {product lp64_product} {ergonomic}
     bool UseCompressedOops                        = true                           {product lp64_product} {ergonomic}
     bool UseG1GC                                  = true                                      {product} {ergonomic}
     bool UseLargePagesIndividualAllocation        = false                                  {pd product} {ergonomic}

Logging:
Log output configuration:
 #0: stdout all=warning uptime,level,tags
 #1: stderr all=off uptime,level,tags

Environment Variables:
PATH=C:/Users/incedouser1/Downloads/sts-4.20.1.RELEASE//plugins/org.eclipse.justj.openjdk.hotspot.jre.full.win32.x86_64_17.0.8.v20230831-1047/jre/bin/server;C:/Users/incedouser1/Downloads/sts-4.20.1.RELEASE//plugins/org.eclipse.justj.openjdk.hotspot.jre.full.win32.x86_64_17.0.8.v20230831-1047/jre/bin;C:\Program Files (x86)\Common Files\Oracle\Java\javapath;C:\Windows\system32;C:\Windows;C:\Windows\System32\Wbem;C:\Windows\System32\WindowsPowerShell\v1.0\;C:\Windows\System32\OpenSSH\;C:\Program Files\Amazon\cfn-bootstrap\;C:\Program Files\Git\cmd;C:\Program Files\MySQL\MySQL Server 8.0\bin;C:\Program Files\nodejs\;C:\Users\incedouser1\AppData\Local\Microsoft\WindowsApps;C:\Users\incedouser1\AppData\Roaming\npm;C:\Users\incedouser1\AppData\Local\Programs\Microsoft VS Code\bin;C:\Users\incedouser1\Downloads\sts-4.20.1.RELEASE;
USERNAME=incedouser1
OS=Windows_NT
PROCESSOR_IDENTIFIER=AMD64 Family 23 Model 1 Stepping 2, AuthenticAMD
TMP=C:\Users\INCEDO~1\AppData\Local\Temp\3
TEMP=C:\Users\INCEDO~1\AppData\Local\Temp\3



---------------  S Y S T E M  ---------------

OS:
 Windows Server 2022 , 64 bit Build 20348 (10.0.20348.2110)
OS uptime: 27 days 17:02 hours
KVM virtualization detected

CPU: total 2 (initial active 2) (2 cores per cpu, 2 threads per core) family 23 model 1 stepping 2 microcode 0x0, cx8, cmov, fxsr, ht, mmx, 3dnowpref, sse, sse2, sse3, ssse3, sse4a, sse4.1, sse4.2, popcnt, lzcnt, tsc, tscinvbit, avx, avx2, aes, clmul, bmi1, bmi2, adx, sha, fma, vzeroupper, clflush, clflushopt, hv
Processor Information for all 2 processors :
  Max Mhz: 2200, Current Mhz: 2200, Mhz Limit: 2200

Memory: 4k page, system-wide physical 4047M (78M free)
TotalPageFile size 10446M (AvailPageFile size 60M)
current process WorkingSet (physical memory assigned to process): 18M, peak: 18M
current process commit charge ("private bytes"): 51M, peak: 115M

vm_info: OpenJDK 64-Bit Server VM (17.0.8.1+1) for windows-amd64 JRE (17.0.8.1+1), built on Aug 23 2023 15:29:17 by "admin" with MS VC++ 16.7 (VS2019)

END.
